<?xml version="1.0" encoding="UTF-8"?>
<testsuite xmlns:xsi="http://www.w3.org/2001/XMLSchema-instance" xsi:noNamespaceSchemaLocation="https://maven.apache.org/surefire/maven-failsafe-plugin/xsd/failsafe-test-report.xsd" version="3.0.2" name="com.example.messaging.AsyncMessagingIT" time="26.804" tests="3" errors="0" skipped="0" failures="0">
  <properties>
[...]
</properties>
  <testcase name="caminhoFeliz_mensagemPostada_consumida_ePersistida" classname="com.example.messaging.AsyncMessagingIT" time="3.097">
    <system-out><![CDATA[04:34:44.168 [main] INFO org.testcontainers.images.PullPolicy -- Image pull policy will be performed by: DefaultPullPolicy()
04:34:44.177 [main] INFO org.testcontainers.utility.ImageNameSubstitutor -- Image name substitution will be performed by: DefaultImageNameSubstitutor (composite of 'ConfigurationFileImageNameSubstitutor' and 'PrefixingImageNameSubstitutor')
04:34:44.230 [main] INFO org.testcontainers.DockerClientFactory -- Testcontainers version: 1.20.3
04:34:45.315 [main] INFO org.testcontainers.dockerclient.DockerClientProviderStrategy -- Found Docker environment with local Unix socket (unix:///var/run/docker.sock)
04:34:45.322 [main] INFO org.testcontainers.DockerClientFactory -- Docker host IP address is localhost
04:34:45.347 [main] INFO org.testcontainers.DockerClientFactory -- Connected to docker: 
  Server Version: 28.0.4
  API Version: 1.48
  Operating System: Ubuntu 24.04.4 LTS
  Total Memory: 15989 MB
04:34:45.405 [main] INFO tc.testcontainers/ryuk:0.9.0 -- Pulling docker image: testcontainers/ryuk:0.9.0. Please be patient; this may take some time but only needs to be done once.
04:34:46.316 [docker-java-stream-1801405605] INFO tc.testcontainers/ryuk:0.9.0 -- Starting to pull image
04:34:46.359 [docker-java-stream-1801405605] INFO tc.testcontainers/ryuk:0.9.0 -- Pulling image layers:  0 pending,  0 downloaded,  0 extracted, (0 bytes/0 bytes)
04:34:46.839 [docker-java-stream-1801405605] INFO tc.testcontainers/ryuk:0.9.0 -- Pulling image layers:  2 pending,  1 downloaded,  0 extracted, (107 KB/? MB)
04:34:46.851 [docker-java-stream-1801405605] INFO tc.testcontainers/ryuk:0.9.0 -- Pulling image layers:  1 pending,  2 downloaded,  0 extracted, (3 MB/? MB)
04:34:46.854 [docker-java-stream-1801405605] INFO tc.testcontainers/ryuk:0.9.0 -- Pulling image layers:  0 pending,  3 downloaded,  0 extracted, (4 MB/11 MB)
04:34:46.956 [docker-java-stream-1801405605] INFO tc.testcontainers/ryuk:0.9.0 -- Pulling image layers:  0 pending,  3 downloaded,  1 extracted, (4 MB/11 MB)
04:34:47.074 [docker-java-stream-1801405605] INFO tc.testcontainers/ryuk:0.9.0 -- Pulling image layers:  0 pending,  3 downloaded,  2 extracted, (4 MB/11 MB)
04:34:47.112 [docker-java-stream-1801405605] INFO tc.testcontainers/ryuk:0.9.0 -- Pulling image layers:  0 pending,  3 downloaded,  3 extracted, (11 MB/11 MB)
04:34:47.117 [main] INFO tc.testcontainers/ryuk:0.9.0 -- Image testcontainers/ryuk:0.9.0 pull took PT1.711539842S
04:34:47.152 [main] INFO tc.testcontainers/ryuk:0.9.0 -- Creating container for image: testcontainers/ryuk:0.9.0
04:34:47.256 [main] INFO tc.testcontainers/ryuk:0.9.0 -- Container testcontainers/ryuk:0.9.0 is starting: 4458a6d0acb0870bb84bf4a872b3f15939c55f963805548303a664e6fa0f6c1c
04:34:47.528 [main] INFO tc.testcontainers/ryuk:0.9.0 -- Container testcontainers/ryuk:0.9.0 started in PT0.376033745S
04:34:47.534 [main] INFO org.testcontainers.utility.RyukResourceReaper -- Ryuk started - will monitor and terminate Testcontainers containers on JVM exit
04:34:47.534 [main] INFO org.testcontainers.DockerClientFactory -- Checking the system...
04:34:47.535 [main] INFO org.testcontainers.DockerClientFactory -- ✔︎ Docker server version should be at least 1.6.0
04:34:47.536 [main] INFO tc.rabbitmq:3.13-management -- Creating container for image: rabbitmq:3.13-management
04:34:47.615 [main] INFO tc.rabbitmq:3.13-management -- Container rabbitmq:3.13-management is starting: 400f5aa52e08e46932a5699b166c1bbd81b87bc45ff241fb2f6a8ba2c61b965c
04:34:47.776 [main] INFO org.testcontainers.containers.wait.strategy.HttpWaitStrategy -- /magical_ellis: Waiting for 180 seconds for URL: http://localhost:32770/ (where port 32770 maps to container port 15672)
[RABBITMQ] 2026-04-11 04:34:50.724068+00:00 [notice] <0.44.0> Application syslog exited with reason: stopped
[RABBITMQ] 2026-04-11 04:34:50.727773+00:00 [notice] <0.254.0> Logging: switching to configured handler(s); following messages may not be visible in this log output
[RABBITMQ] 2026-04-11 04:34:50.728325+00:00 [notice] <0.254.0> Logging: configured log handlers are now ACTIVE
[RABBITMQ] 2026-04-11 04:34:50.737262+00:00 [info] <0.254.0> ra: starting system quorum_queues
[RABBITMQ] 2026-04-11 04:34:50.737330+00:00 [info] <0.254.0> starting Ra system: quorum_queues in directory: /var/lib/rabbitmq/mnesia/rabbit@400f5aa52e08/quorum/rabbit@400f5aa52e08
[RABBITMQ] 2026-04-11 04:34:50.778573+00:00 [info] <0.268.0> ra system 'quorum_queues' running pre init for 0 registered servers
[RABBITMQ] 2026-04-11 04:34:50.787971+00:00 [info] <0.269.0> ra: meta data store initialised for system quorum_queues. 0 record(s) recovered
[RABBITMQ] 2026-04-11 04:34:50.800955+00:00 [notice] <0.274.0> WAL: ra_log_wal init, open tbls: ra_log_open_mem_tables, closed tbls: ra_log_closed_mem_tables
[RABBITMQ] 2026-04-11 04:34:50.810288+00:00 [info] <0.254.0> ra: starting system coordination
[RABBITMQ] 2026-04-11 04:34:50.810331+00:00 [info] <0.254.0> starting Ra system: coordination in directory: /var/lib/rabbitmq/mnesia/rabbit@400f5aa52e08/coordination/rabbit@400f5aa52e08
[RABBITMQ] 2026-04-11 04:34:50.811508+00:00 [info] <0.282.0> ra system 'coordination' running pre init for 0 registered servers
[RABBITMQ] 2026-04-11 04:34:50.812190+00:00 [info] <0.283.0> ra: meta data store initialised for system coordination. 0 record(s) recovered
[RABBITMQ] 2026-04-11 04:34:50.812389+00:00 [notice] <0.288.0> WAL: ra_coordination_log_wal init, open tbls: ra_coordination_log_open_mem_tables, closed tbls: ra_coordination_log_closed_mem_tables
[RABBITMQ] 2026-04-11 04:34:50.813784+00:00 [info] <0.254.0> ra: starting system coordination
[RABBITMQ] 2026-04-11 04:34:50.813821+00:00 [info] <0.254.0> starting Ra system: coordination in directory: /var/lib/rabbitmq/mnesia/rabbit@400f5aa52e08/coordination/rabbit@400f5aa52e08
[RABBITMQ] 2026-04-11 04:34:50.881697+00:00 [info] <0.254.0> Waiting for Khepri leader for 30000 ms, 9 retries left
[RABBITMQ] 2026-04-11 04:34:50.884027+00:00 [notice] <0.292.0> RabbitMQ metadata store: candidate -> leader in term: 1 machine version: 1
[RABBITMQ] 2026-04-11 04:34:50.894277+00:00 [info] <0.254.0> Khepri leader elected
[RABBITMQ] 2026-04-11 04:34:50.894319+00:00 [info] <0.254.0> Waiting for Khepri projections for 30000 ms, 9 retries left
[RABBITMQ] 2026-04-11 04:34:51.115825+00:00 [info] <0.254.0> 
[RABBITMQ] 2026-04-11 04:34:51.115825+00:00 [info] <0.254.0>  Starting RabbitMQ 3.13.7 on Erlang 26.2.5.16 [jit]
[RABBITMQ] 2026-04-11 04:34:51.115825+00:00 [info] <0.254.0>  Copyright (c) 2007-2024 Broadcom Inc and/or its subsidiaries
[RABBITMQ] 2026-04-11 04:34:51.115825+00:00 [info] <0.254.0>  Licensed under the MPL 2.0. Website: https://rabbitmq.com
[RABBITMQ]   ##  ##      RabbitMQ 3.13.7
[RABBITMQ]   ##  ##
[RABBITMQ]   ##########  Copyright (c) 2007-2024 Broadcom Inc and/or its subsidiaries
[RABBITMQ]   ######  ##
[RABBITMQ]   ##########  Licensed under the MPL 2.0. Website: https://rabbitmq.com
[RABBITMQ]   Erlang:      26.2.5.16 [jit]
[RABBITMQ]   TLS Library: OpenSSL - OpenSSL 3.1.8 11 Feb 2025
[RABBITMQ]   Release series support status: see https://www.rabbitmq.com/release-information
[RABBITMQ]   Doc guides:  https://www.rabbitmq.com/docs
[RABBITMQ]   Support:     https://www.rabbitmq.com/docs/contact
[RABBITMQ]   Tutorials:   https://www.rabbitmq.com/tutorials
[RABBITMQ]   Monitoring:  https://www.rabbitmq.com/docs/monitoring
[RABBITMQ]   Upgrading:   https://www.rabbitmq.com/docs/upgrade
[RABBITMQ]   Logs: <stdout>
[RABBITMQ]   Config file(s): /etc/rabbitmq/conf.d/10-defaults.conf
[RABBITMQ]   Starting broker...2026-04-11 04:34:51.117321+00:00 [info] <0.254.0> 
[RABBITMQ] 2026-04-11 04:34:51.117321+00:00 [info] <0.254.0>  node           : rabbit@400f5aa52e08
[RABBITMQ] 2026-04-11 04:34:51.117321+00:00 [info] <0.254.0>  home dir       : /var/lib/rabbitmq
[RABBITMQ] 2026-04-11 04:34:51.117321+00:00 [info] <0.254.0>  config file(s) : /etc/rabbitmq/conf.d/10-defaults.conf
[RABBITMQ] 2026-04-11 04:34:51.117321+00:00 [info] <0.254.0>  cookie hash    : yZDrNcCM9GPwJftBg8TMAw==
[RABBITMQ] 2026-04-11 04:34:51.117321+00:00 [info] <0.254.0>  log(s)         : <stdout>
[RABBITMQ] 2026-04-11 04:34:51.117321+00:00 [info] <0.254.0>  data dir       : /var/lib/rabbitmq/mnesia/rabbit@400f5aa52e08
[RABBITMQ] 2026-04-11 04:34:51.396781+00:00 [info] <0.254.0> Running boot step pre_boot defined by app rabbit
[RABBITMQ] 2026-04-11 04:34:51.396856+00:00 [info] <0.254.0> Running boot step rabbit_global_counters defined by app rabbit
[RABBITMQ] 2026-04-11 04:34:51.397119+00:00 [info] <0.254.0> Running boot step rabbit_osiris_metrics defined by app rabbit
[RABBITMQ] 2026-04-11 04:34:51.397267+00:00 [info] <0.254.0> Running boot step rabbit_core_metrics defined by app rabbit
[RABBITMQ] 2026-04-11 04:34:51.397888+00:00 [info] <0.254.0> Running boot step rabbit_alarm defined by app rabbit
[RABBITMQ] 2026-04-11 04:34:51.413009+00:00 [info] <0.329.0> Memory high watermark set to 6395 MiB (6706572492 bytes) of 15989 MiB (16766431232 bytes) total
[RABBITMQ] 2026-04-11 04:34:51.416685+00:00 [info] <0.331.0> Enabling free disk space monitoring (disk free space: 93958963200, total memory: 16766431232)
[RABBITMQ] 2026-04-11 04:34:51.416742+00:00 [info] <0.331.0> Disk free limit set to 50MB
[RABBITMQ] 2026-04-11 04:34:51.418397+00:00 [info] <0.254.0> Running boot step code_server_cache defined by app rabbit
[RABBITMQ] 2026-04-11 04:34:51.418500+00:00 [info] <0.254.0> Running boot step file_handle_cache defined by app rabbit
[RABBITMQ] 2026-04-11 04:34:51.423179+00:00 [info] <0.334.0> Limiting to approx 65439 file handles (58893 sockets)
[RABBITMQ] 2026-04-11 04:34:51.423289+00:00 [info] <0.335.0> FHC read buffering: OFF
[RABBITMQ] 2026-04-11 04:34:51.423356+00:00 [info] <0.335.0> FHC write buffering: ON
[RABBITMQ] 2026-04-11 04:34:51.423885+00:00 [info] <0.254.0> Running boot step worker_pool defined by app rabbit
[RABBITMQ] 2026-04-11 04:34:51.423967+00:00 [info] <0.315.0> Will use 4 processes for default worker pool
[RABBITMQ] 2026-04-11 04:34:51.424032+00:00 [info] <0.315.0> Starting worker pool 'worker_pool' with 4 processes in it
[RABBITMQ] 2026-04-11 04:34:51.424362+00:00 [info] <0.254.0> Running boot step database defined by app rabbit
[RABBITMQ] 2026-04-11 04:34:51.424784+00:00 [info] <0.254.0> Peer discovery: configured backend: rabbit_peer_discovery_classic_config
[RABBITMQ] 2026-04-11 04:34:51.426585+00:00 [notice] <0.316.0> Feature flags: attempt to enable `detailed_queues_endpoint`...
[RABBITMQ] 2026-04-11 04:34:51.495144+00:00 [notice] <0.316.0> Feature flags: `detailed_queues_endpoint` enabled
[RABBITMQ] 2026-04-11 04:34:51.495314+00:00 [notice] <0.316.0> Feature flags: attempt to enable `quorum_queue_non_voters`...
[RABBITMQ] 2026-04-11 04:34:51.565357+00:00 [notice] <0.316.0> Feature flags: `quorum_queue_non_voters` enabled
[RABBITMQ] 2026-04-11 04:34:51.565609+00:00 [notice] <0.316.0> Feature flags: attempt to enable `stream_update_config_command`...
[RABBITMQ] 2026-04-11 04:34:51.634089+00:00 [notice] <0.316.0> Feature flags: `stream_update_config_command` enabled
[RABBITMQ] 2026-04-11 04:34:51.634352+00:00 [notice] <0.316.0> Feature flags: attempt to enable `stream_filtering`...
[RABBITMQ] 2026-04-11 04:34:51.704977+00:00 [notice] <0.316.0> Feature flags: `stream_filtering` enabled
[RABBITMQ] 2026-04-11 04:34:51.705111+00:00 [notice] <0.316.0> Feature flags: attempt to enable `stream_sac_coordinator_unblock_group`...
[RABBITMQ] 2026-04-11 04:34:51.775997+00:00 [notice] <0.316.0> Feature flags: `stream_sac_coordinator_unblock_group` enabled
[RABBITMQ] 2026-04-11 04:34:51.776139+00:00 [notice] <0.316.0> Feature flags: attempt to enable `restart_streams`...
[RABBITMQ] 2026-04-11 04:34:51.844867+00:00 [notice] <0.316.0> Feature flags: `restart_streams` enabled
[RABBITMQ] 2026-04-11 04:34:51.845002+00:00 [notice] <0.316.0> Feature flags: attempt to enable `message_containers`...
[RABBITMQ] 2026-04-11 04:34:51.913630+00:00 [notice] <0.316.0> Feature flags: `message_containers` enabled
[RABBITMQ] 2026-04-11 04:34:51.913810+00:00 [notice] <0.316.0> Feature flags: attempt to enable `message_containers_deaths_v2`...
[RABBITMQ] 2026-04-11 04:34:51.981298+00:00 [notice] <0.316.0> Feature flags: `message_containers_deaths_v2` enabled
[RABBITMQ] 2026-04-11 04:34:51.982511+00:00 [info] <0.254.0> DB: virgin node -> run peer discovery
[RABBITMQ] 2026-04-11 04:34:51.982575+00:00 [warning] <0.254.0> Classic peer discovery backend: list of nodes does not contain the local node []
[RABBITMQ] 2026-04-11 04:34:51.991740+00:00 [notice] <0.44.0> Application mnesia exited with reason: stopped
[RABBITMQ] 2026-04-11 04:34:52.081253+00:00 [info] <0.254.0> Waiting for Mnesia tables for 30000 ms, 9 retries left
[RABBITMQ] 2026-04-11 04:34:52.081383+00:00 [info] <0.254.0> Successfully synced tables from a peer
[RABBITMQ] 2026-04-11 04:34:52.081544+00:00 [info] <0.254.0> Waiting for Mnesia tables for 30000 ms, 9 retries left
[RABBITMQ] 2026-04-11 04:34:52.081636+00:00 [info] <0.254.0> Successfully synced tables from a peer
[RABBITMQ] 2026-04-11 04:34:52.084320+00:00 [info] <0.254.0> Waiting for Mnesia tables for 30000 ms, 9 retries left
[RABBITMQ] 2026-04-11 04:34:52.084437+00:00 [info] <0.254.0> Successfully synced tables from a peer
[RABBITMQ] 2026-04-11 04:34:52.084672+00:00 [info] <0.254.0> Running boot step tracking_metadata_store defined by app rabbit
[RABBITMQ] 2026-04-11 04:34:52.084767+00:00 [info] <0.558.0> Setting up a table for connection tracking on this node: tracked_connection
[RABBITMQ] 2026-04-11 04:34:52.084853+00:00 [info] <0.558.0> Setting up a table for per-vhost connection counting on this node: tracked_connection_per_vhost
[RABBITMQ] 2026-04-11 04:34:52.084956+00:00 [info] <0.558.0> Setting up a table for per-user connection counting on this node: tracked_connection_per_user
[RABBITMQ] 2026-04-11 04:34:52.085042+00:00 [info] <0.558.0> Setting up a table for channel tracking on this node: tracked_channel
[RABBITMQ] 2026-04-11 04:34:52.085115+00:00 [info] <0.558.0> Setting up a table for channel tracking on this node: tracked_channel_per_user
[RABBITMQ] 2026-04-11 04:34:52.085194+00:00 [info] <0.254.0> Running boot step networking_metadata_store defined by app rabbit
[RABBITMQ] 2026-04-11 04:34:52.085270+00:00 [info] <0.254.0> Running boot step feature_flags defined by app rabbit
[RABBITMQ] 2026-04-11 04:34:52.085450+00:00 [info] <0.254.0> Running boot step codec_correctness_check defined by app rabbit
[RABBITMQ] 2026-04-11 04:34:52.085518+00:00 [info] <0.254.0> Running boot step external_infrastructure defined by app rabbit
[RABBITMQ] 2026-04-11 04:34:52.085576+00:00 [info] <0.254.0> Running boot step rabbit_event defined by app rabbit
[RABBITMQ] 2026-04-11 04:34:52.085693+00:00 [info] <0.254.0> Running boot step rabbit_registry defined by app rabbit
[RABBITMQ] 2026-04-11 04:34:52.085889+00:00 [info] <0.254.0> Running boot step rabbit_auth_mechanism_amqplain defined by app rabbit
[RABBITMQ] 2026-04-11 04:34:52.086008+00:00 [info] <0.254.0> Running boot step rabbit_auth_mechanism_cr_demo defined by app rabbit
[RABBITMQ] 2026-04-11 04:34:52.086081+00:00 [info] <0.254.0> Running boot step rabbit_auth_mechanism_plain defined by app rabbit
[RABBITMQ] 2026-04-11 04:34:52.086173+00:00 [info] <0.254.0> Running boot step rabbit_exchange_type_direct defined by app rabbit
[RABBITMQ] 2026-04-11 04:34:52.086260+00:00 [info] <0.254.0> Running boot step rabbit_exchange_type_fanout defined by app rabbit
[RABBITMQ] 2026-04-11 04:34:52.086394+00:00 [info] <0.254.0> Running boot step rabbit_exchange_type_headers defined by app rabbit
[RABBITMQ] 2026-04-11 04:34:52.086507+00:00 [info] <0.254.0> Running boot step rabbit_exchange_type_topic defined by app rabbit
[RABBITMQ] 2026-04-11 04:34:52.086640+00:00 [info] <0.254.0> Running boot step rabbit_mirror_queue_mode_all defined by app rabbit
[RABBITMQ] 2026-04-11 04:34:52.086784+00:00 [info] <0.254.0> Running boot step rabbit_mirror_queue_mode_exactly defined by app rabbit
[RABBITMQ] 2026-04-11 04:34:52.086900+00:00 [info] <0.254.0> Running boot step rabbit_mirror_queue_mode_nodes defined by app rabbit
[RABBITMQ] 2026-04-11 04:34:52.086978+00:00 [info] <0.254.0> Running boot step rabbit_priority_queue defined by app rabbit
[RABBITMQ] 2026-04-11 04:34:52.087031+00:00 [info] <0.254.0> Priority queues enabled, real BQ is rabbit_variable_queue
[RABBITMQ] 2026-04-11 04:34:52.087087+00:00 [info] <0.254.0> Running boot step rabbit_queue_location_client_local defined by app rabbit
[RABBITMQ] 2026-04-11 04:34:52.087145+00:00 [info] <0.254.0> Running boot step rabbit_queue_location_min_masters defined by app rabbit
[RABBITMQ] 2026-04-11 04:34:52.087203+00:00 [info] <0.254.0> Running boot step rabbit_queue_location_random defined by app rabbit
[RABBITMQ] 2026-04-11 04:34:52.087267+00:00 [info] <0.254.0> Running boot step kernel_ready defined by app rabbit
[RABBITMQ] 2026-04-11 04:34:52.087457+00:00 [info] <0.254.0> Running boot step rabbit_sysmon_minder defined by app rabbit
[RABBITMQ] 2026-04-11 04:34:52.087771+00:00 [info] <0.254.0> Running boot step rabbit_epmd_monitor defined by app rabbit
[RABBITMQ] 2026-04-11 04:34:52.090419+00:00 [info] <0.566.0> epmd monitor knows us, inter-node communication (distribution) port: 25672
[RABBITMQ] 2026-04-11 04:34:52.090564+00:00 [info] <0.254.0> Running boot step guid_generator defined by app rabbit
[RABBITMQ] 2026-04-11 04:34:52.091614+00:00 [info] <0.254.0> Running boot step rabbit_node_monitor defined by app rabbit
[RABBITMQ] 2026-04-11 04:34:52.091860+00:00 [info] <0.570.0> Starting rabbit_node_monitor (in ignore mode)
[RABBITMQ] 2026-04-11 04:34:52.091988+00:00 [info] <0.254.0> Running boot step delegate_sup defined by app rabbit
[RABBITMQ] 2026-04-11 04:34:52.092619+00:00 [info] <0.254.0> Running boot step rabbit_memory_monitor defined by app rabbit
[RABBITMQ] 2026-04-11 04:34:52.092794+00:00 [info] <0.254.0> Running boot step rabbit_fifo_dlx_sup defined by app rabbit
[RABBITMQ] 2026-04-11 04:34:52.092889+00:00 [info] <0.254.0> Running boot step core_initialized defined by app rabbit
[RABBITMQ] 2026-04-11 04:34:52.092939+00:00 [info] <0.254.0> Running boot step rabbit_channel_tracking_handler defined by app rabbit
[RABBITMQ] 2026-04-11 04:34:52.093028+00:00 [info] <0.254.0> Running boot step rabbit_connection_tracking_handler defined by app rabbit
[RABBITMQ] 2026-04-11 04:34:52.093119+00:00 [info] <0.254.0> Running boot step rabbit_definitions_hashing defined by app rabbit
[RABBITMQ] 2026-04-11 04:34:52.093258+00:00 [info] <0.254.0> Running boot step rabbit_exchange_parameters defined by app rabbit
[RABBITMQ] 2026-04-11 04:34:52.117898+00:00 [info] <0.254.0> Running boot step rabbit_mirror_queue_misc defined by app rabbit
[RABBITMQ] 2026-04-11 04:34:52.118368+00:00 [info] <0.254.0> Running boot step rabbit_policies defined by app rabbit
[RABBITMQ] 2026-04-11 04:34:52.118679+00:00 [info] <0.254.0> Running boot step rabbit_policy defined by app rabbit
[RABBITMQ] 2026-04-11 04:34:52.118751+00:00 [info] <0.254.0> Running boot step rabbit_queue_location_validator defined by app rabbit
[RABBITMQ] 2026-04-11 04:34:52.118830+00:00 [info] <0.254.0> Running boot step rabbit_quorum_memory_manager defined by app rabbit
[RABBITMQ] 2026-04-11 04:34:52.118902+00:00 [info] <0.254.0> Running boot step rabbit_quorum_queue defined by app rabbit
[RABBITMQ] 2026-04-11 04:34:52.119018+00:00 [info] <0.254.0> Running boot step rabbit_stream_coordinator defined by app rabbit
[RABBITMQ] 2026-04-11 04:34:52.119128+00:00 [info] <0.254.0> Running boot step rabbit_vhost_limit defined by app rabbit
[RABBITMQ] 2026-04-11 04:34:52.119205+00:00 [info] <0.254.0> Running boot step rabbit_federation_parameters defined by app rabbitmq_federation
[RABBITMQ] 2026-04-11 04:34:52.119328+00:00 [info] <0.254.0> Running boot step rabbit_federation_supervisor defined by app rabbitmq_federation
[RABBITMQ] 2026-04-11 04:34:52.126430+00:00 [info] <0.254.0> Running boot step rabbit_federation_queue defined by app rabbitmq_federation
[RABBITMQ] 2026-04-11 04:34:52.126608+00:00 [info] <0.254.0> Running boot step rabbit_federation_upstream_exchange defined by app rabbitmq_federation
[RABBITMQ] 2026-04-11 04:34:52.126697+00:00 [info] <0.254.0> Running boot step rabbit_mgmt_reset_handler defined by app rabbitmq_management
[RABBITMQ] 2026-04-11 04:34:52.126770+00:00 [info] <0.254.0> Running boot step rabbit_mgmt_db_handler defined by app rabbitmq_management_agent
[RABBITMQ] 2026-04-11 04:34:52.126823+00:00 [info] <0.254.0> Management plugin: using rates mode 'basic'
[RABBITMQ] 2026-04-11 04:34:52.127060+00:00 [info] <0.254.0> Running boot step recovery defined by app rabbit
[RABBITMQ] 2026-04-11 04:34:52.138251+00:00 [info] <0.254.0> Running boot step empty_db_check defined by app rabbit
[RABBITMQ] 2026-04-11 04:34:52.138324+00:00 [info] <0.254.0> Will seed default virtual host and user...
[RABBITMQ] 2026-04-11 04:34:52.138450+00:00 [info] <0.254.0> Adding vhost '/' (description: 'Default virtual host', tags: [])
[RABBITMQ] 2026-04-11 04:34:52.143589+00:00 [info] <0.630.0> Making sure data directory '/var/lib/rabbitmq/mnesia/rabbit@400f5aa52e08/msg_stores/vhosts/628WB79CIFDYO9LJI6DKMI09L' for vhost '/' exists
[RABBITMQ] 2026-04-11 04:34:52.144599+00:00 [info] <0.630.0> Setting segment_entry_count for vhost '/' with 0 queues to '2048'
[RABBITMQ] 2026-04-11 04:34:52.151462+00:00 [info] <0.630.0> Starting message stores for vhost '/'
[RABBITMQ] 2026-04-11 04:34:52.151657+00:00 [info] <0.639.0> Message store "628WB79CIFDYO9LJI6DKMI09L/msg_store_transient": using rabbit_msg_store_ets_index to provide index
[RABBITMQ] 2026-04-11 04:34:52.152663+00:00 [info] <0.630.0> Started message store of type transient for vhost '/'
[RABBITMQ] 2026-04-11 04:34:52.152855+00:00 [info] <0.643.0> Message store "628WB79CIFDYO9LJI6DKMI09L/msg_store_persistent": using rabbit_msg_store_ets_index to provide index
[RABBITMQ] 2026-04-11 04:34:52.153437+00:00 [warning] <0.643.0> Message store "628WB79CIFDYO9LJI6DKMI09L/msg_store_persistent": rebuilding indices from scratch
[RABBITMQ] 2026-04-11 04:34:52.154540+00:00 [info] <0.630.0> Started message store of type persistent for vhost '/'
[RABBITMQ] 2026-04-11 04:34:52.154649+00:00 [info] <0.630.0> Recovering 0 queues of type rabbit_classic_queue took 9ms
[RABBITMQ] 2026-04-11 04:34:52.154720+00:00 [info] <0.630.0> Recovering 0 queues of type rabbit_quorum_queue took 0ms
[RABBITMQ] 2026-04-11 04:34:52.154812+00:00 [info] <0.630.0> Recovering 0 queues of type rabbit_stream_queue took 0ms
[RABBITMQ] 2026-04-11 04:34:52.156676+00:00 [info] <0.254.0> Created user 'app'
[RABBITMQ] 2026-04-11 04:34:52.157305+00:00 [info] <0.254.0> Successfully set user tags for user 'app' to [administrator]
[RABBITMQ] 2026-04-11 04:34:52.158054+00:00 [info] <0.254.0> Successfully set permissions for user 'app' in virtual host '/' to '.*', '.*', '.*'
[RABBITMQ] 2026-04-11 04:34:52.158101+00:00 [info] <0.254.0> Running boot step rabbit_observer_cli defined by app rabbit
[RABBITMQ] 2026-04-11 04:34:52.158189+00:00 [info] <0.254.0> Running boot step rabbit_looking_glass defined by app rabbit
[RABBITMQ] 2026-04-11 04:34:52.158237+00:00 [info] <0.254.0> Running boot step rabbit_core_metrics_gc defined by app rabbit
[RABBITMQ] 2026-04-11 04:34:52.158397+00:00 [info] <0.254.0> Running boot step background_gc defined by app rabbit
[RABBITMQ] 2026-04-11 04:34:52.158605+00:00 [info] <0.254.0> Running boot step routing_ready defined by app rabbit
[RABBITMQ] 2026-04-11 04:34:52.158674+00:00 [info] <0.254.0> Running boot step pre_flight defined by app rabbit
[RABBITMQ] 2026-04-11 04:34:52.158756+00:00 [info] <0.254.0> Running boot step notify_cluster defined by app rabbit
[RABBITMQ] 2026-04-11 04:34:52.158853+00:00 [info] <0.254.0> Running boot step networking defined by app rabbit
[RABBITMQ] 2026-04-11 04:34:52.158961+00:00 [info] <0.254.0> Running boot step rabbit_quorum_queue_periodic_membership_reconciliation defined by app rabbit
[RABBITMQ] 2026-04-11 04:34:52.159220+00:00 [info] <0.254.0> Running boot step definition_import_worker_pool defined by app rabbit
[RABBITMQ] 2026-04-11 04:34:52.159297+00:00 [info] <0.315.0> Starting worker pool 'definition_import_pool' with 4 processes in it
[RABBITMQ] 2026-04-11 04:34:52.159831+00:00 [info] <0.254.0> Running boot step cluster_name defined by app rabbit
[RABBITMQ] 2026-04-11 04:34:52.159910+00:00 [info] <0.254.0> Initialising internal cluster ID to 'rabbitmq-cluster-id-lpMYQpnR-jsLNw2rxAk0dA'
[RABBITMQ] 2026-04-11 04:34:52.160691+00:00 [info] <0.254.0> Running boot step virtual_host_reconciliation defined by app rabbit
[RABBITMQ] 2026-04-11 04:34:52.160849+00:00 [info] <0.254.0> Running boot step direct_client defined by app rabbit
[RABBITMQ] 2026-04-11 04:34:52.160931+00:00 [info] <0.254.0> Running boot step rabbit_federation_exchange defined by app rabbitmq_federation
[RABBITMQ] 2026-04-11 04:34:52.161094+00:00 [info] <0.254.0> Running boot step rabbit_management_load_definitions defined by app rabbitmq_management
[RABBITMQ] 2026-04-11 04:34:52.161188+00:00 [info] <0.680.0> Resetting node maintenance status
[RABBITMQ] 2026-04-11 04:34:52.286036+00:00 [warning] <0.709.0> Deprecated features: `management_metrics_collection`: Feature `management_metrics_collection` is deprecated.
[RABBITMQ] 2026-04-11 04:34:52.286036+00:00 [warning] <0.709.0> By default, this feature can still be used for now.
[RABBITMQ] 2026-04-11 04:34:52.286036+00:00 [warning] <0.709.0> Its use will not be permitted by default in a future minor RabbitMQ version and the feature will be removed from a future major RabbitMQ version; actual versions to be determined.
[RABBITMQ] 2026-04-11 04:34:52.286036+00:00 [warning] <0.709.0> To continue using this feature when it is not permitted by default, set the following parameter in your configuration:
[RABBITMQ] 2026-04-11 04:34:52.286036+00:00 [warning] <0.709.0>     "deprecated_features.permit.management_metrics_collection = true"
[RABBITMQ] 2026-04-11 04:34:52.286036+00:00 [warning] <0.709.0> To test RabbitMQ as if the feature was removed, set this in your configuration:
[RABBITMQ] 2026-04-11 04:34:52.286036+00:00 [warning] <0.709.0>     "deprecated_features.permit.management_metrics_collection = false"
[RABBITMQ] 2026-04-11 04:34:54.316448+00:00 [info] <0.746.0> Management plugin: HTTP (non-TLS) listener started on port 15672
[RABBITMQ] 2026-04-11 04:34:54.316623+00:00 [info] <0.776.0> Statistics database started.
[RABBITMQ] 2026-04-11 04:34:54.316729+00:00 [info] <0.775.0> Starting worker pool 'management_worker_pool' with 3 processes in it
[RABBITMQ] 2026-04-11 04:34:54.323752+00:00 [info] <0.794.0> Prometheus metrics: HTTP (non-TLS) listener started on port 15692
[RABBITMQ] 2026-04-11 04:34:54.323882+00:00 [info] <0.680.0> Ready to start client connection listeners
[RABBITMQ] 2026-04-11 04:34:54.325253+00:00 [info] <0.838.0> started TCP listener on [::]:5672
[RABBITMQ] 2026-04-11 04:34:54.416328+00:00 [info] <0.680.0> Server startup complete; 5 plugins started.
[RABBITMQ] 2026-04-11 04:34:54.416328+00:00 [info] <0.680.0>  * rabbitmq_prometheus
[RABBITMQ] 2026-04-11 04:34:54.416328+00:00 [info] <0.680.0>  * rabbitmq_federation
[RABBITMQ] 2026-04-11 04:34:54.416328+00:00 [info] <0.680.0>  * rabbitmq_management
[RABBITMQ] 2026-04-11 04:34:54.416328+00:00 [info] <0.680.0>  * rabbitmq_management_agent
[RABBITMQ] 2026-04-11 04:34:54.416328+00:00 [info] <0.680.0>  * rabbitmq_web_dispatch
[RABBITMQ]  completed with 5 plugins.
[RABBITMQ] 2026-04-11 04:34:54.573146+00:00 [info] <0.9.0> Time to start RabbitMQ: 6183 ms
04:34:54.806 [main] INFO tc.rabbitmq:3.13-management -- Container rabbitmq:3.13-management started in PT7.270001238S
04:34:54.807 [testcontainers-lifecycle-1] INFO tc.postgres:16-alpine -- Creating container for image: postgres:16-alpine
04:34:54.830 [testcontainers-lifecycle-1] INFO tc.postgres:16-alpine -- Container postgres:16-alpine is starting: 3c7795e2f7d454d0d82391aa07b109f99d4d7f8ba40dd78de719244400c12ec9
[POSTGRES] The files belonging to this database system will be owned by user "postgres".
[POSTGRES] This user must also own the server process.
[POSTGRES] The database cluster will be initialized with locale "en_US.utf8".
[POSTGRES] The default database encoding has accordingly been set to "UTF8".
[POSTGRES] The default text search configuration will be set to "english".
[POSTGRES] Data page checksums are disabled.
[POSTGRES] fixing permissions on existing directory /var/lib/postgresql/data ... ok
[POSTGRES] creating subdirectories ... ok
[POSTGRES] selecting dynamic shared memory implementation ... posix
[POSTGRES] selecting default max_connections ... 100
[POSTGRES] selecting default shared_buffers ... 128MB
[POSTGRES] selecting default time zone ... UTC
[POSTGRES] creating configuration files ... ok
[POSTGRES] running bootstrap script ... ok
[POSTGRES] sh: locale: not found
[POSTGRES] 2026-04-11 04:34:55.455 UTC [50] WARNING:  no usable system locales were found
[POSTGRES] performing post-bootstrap initialization ... ok
[POSTGRES] initdb: warning: enabling "trust" authentication for local connections
[POSTGRES] initdb: hint: You can change this by editing pg_hba.conf or using the option -A, or --auth-local and --auth-host, the next time you run initdb.
[POSTGRES] syncing data to disk ... ok
[POSTGRES] Success. You can now start the database server using:
[POSTGRES]     pg_ctl -D /var/lib/postgresql/data -l logfile start
[POSTGRES] waiting for server to start....2026-04-11 04:34:55.999 UTC [86] LOG:  starting PostgreSQL 16.13 on x86_64-pc-linux-musl, compiled by gcc (Alpine 15.2.0) 15.2.0, 64-bit
[POSTGRES] 2026-04-11 04:34:55.999 UTC [86] LOG:  listening on Unix socket "/var/run/postgresql/.s.PGSQL.5432"
[POSTGRES] 2026-04-11 04:34:56.002 UTC [93] LOG:  database system was shut down at 2026-04-11 04:34:55 UTC
[POSTGRES] 2026-04-11 04:34:56.006 UTC [86] LOG:  database system is ready to accept connections
[POSTGRES]  done
[POSTGRES] server started
[POSTGRES] CREATE DATABASE
[POSTGRES] /usr/local/bin/docker-entrypoint.sh: ignoring /docker-entrypoint-initdb.d/*
[POSTGRES] waiting for server to shut down....2026-04-11 04:34:56.148 UTC [86] LOG:  received fast shutdown request
[POSTGRES] 2026-04-11 04:34:56.148 UTC [86] LOG:  aborting any active transactions
[POSTGRES] 2026-04-11 04:34:56.151 UTC [86] LOG:  background worker "logical replication launcher" (PID 97) exited with exit code 1
[POSTGRES] 2026-04-11 04:34:56.153 UTC [90] LOG:  shutting down
[POSTGRES] 2026-04-11 04:34:56.153 UTC [90] LOG:  checkpoint starting: shutdown immediate
[POSTGRES] 2026-04-11 04:34:56.163 UTC [90] LOG:  checkpoint complete: wrote 926 buffers (5.7%); 0 WAL file(s) added, 0 removed, 0 recycled; write=0.009 s, sync=0.001 s, total=0.010 s; sync files=0, longest=0.000 s, average=0.000 s; distance=4272 kB, estimate=4272 kB; lsn=0/191E928, redo lsn=0/191E928
[POSTGRES] 2026-04-11 04:34:56.171 UTC [86] LOG:  database system is shut down
[POSTGRES]  done
[POSTGRES] server stopped
[POSTGRES] PostgreSQL init process complete; ready for start up.
[POSTGRES] 2026-04-11 04:34:56.268 UTC [1] LOG:  starting PostgreSQL 16.13 on x86_64-pc-linux-musl, compiled by gcc (Alpine 15.2.0) 15.2.0, 64-bit
[POSTGRES] 2026-04-11 04:34:56.268 UTC [1] LOG:  listening on IPv4 address "0.0.0.0", port 5432
[POSTGRES] 2026-04-11 04:34:56.268 UTC [1] LOG:  listening on IPv6 address "::", port 5432
[POSTGRES] 2026-04-11 04:34:56.269 UTC [1] LOG:  listening on Unix socket "/var/run/postgresql/.s.PGSQL.5432"
[POSTGRES] 2026-04-11 04:34:56.271 UTC [117] LOG:  database system was shut down at 2026-04-11 04:34:56 UTC
[POSTGRES] 2026-04-11 04:34:56.274 UTC [1] LOG:  database system is ready to accept connections
04:34:56.356 [testcontainers-lifecycle-1] INFO tc.postgres:16-alpine -- Container postgres:16-alpine started in PT1.548307658S
04:34:56.356 [testcontainers-lifecycle-1] INFO tc.postgres:16-alpine -- Container is started (JDBC URL: jdbc:postgresql://localhost:32771/app?loggerLevel=OFF)
04:34:56.357 [main] INFO tc.eclipse-temurin:17-jre -- Creating container for image: eclipse-temurin:17-jre
04:34:58.619 [main] INFO tc.eclipse-temurin:17-jre -- Container eclipse-temurin:17-jre is starting: 9bdfad3a20e310c79c5333364f1720025aa8b1e2943bdf87e7a5669f1e85ee66
[API] Picked up JAVA_TOOL_OPTIONS: -javaagent:/jacoco/jacocoagent.jar=output=tcpserver,address=*,port=36300,includes=com.example.* --add-opens=java.base/java.io=ALL-UNNAMED -Xms128m -Xmx512m
04:34:58.787 [main] INFO org.testcontainers.containers.wait.strategy.HttpWaitStrategy -- /elegant_rubin: Waiting for 300 seconds for URL: http://localhost:32772/actuator/health (where port 32772 maps to container port 8080)
[API]   .   ____          _            __ _ _
[API]  /\\ / ___'_ __ _ _(_)_ __  __ _ \ \ \ \
[API] ( ( )\___ | '_ | '_| | '_ \/ _` | \ \ \ \
[API]  \\/  ___)| |_)| | | | | || (_| |  ) ) ) )
[API]   '  |____| .__|_| |_|_| |_\__, | / / / /
[API]  =========|_|==============|___/=/_/_/_/
[API]  :: Spring Boot ::               (v3.5.13)
[API] 2026-04-11T04:34:59.907Z  INFO 1 --- [messaging-api] [           main] com.example.messaging.Application        : Starting Application v0.0.1-SNAPSHOT using Java 17.0.18 with PID 1 (/app/app.jar started by root in /app)
[API] 2026-04-11T04:34:59.910Z  INFO 1 --- [messaging-api] [           main] com.example.messaging.Application        : No active profile set, falling back to 1 default profile: "default"
[API] 2026-04-11T04:35:01.118Z  INFO 1 --- [messaging-api] [           main] .s.d.r.c.RepositoryConfigurationDelegate : Bootstrapping Spring Data JPA repositories in DEFAULT mode.
[API] 2026-04-11T04:35:01.171Z  INFO 1 --- [messaging-api] [           main] .s.d.r.c.RepositoryConfigurationDelegate : Finished Spring Data repository scanning in 42 ms. Found 1 JPA repository interface.
[API] 2026-04-11T04:35:01.751Z  INFO 1 --- [messaging-api] [           main] o.s.b.w.embedded.tomcat.TomcatWebServer  : Tomcat initialized with port 8080 (http)
[API] 2026-04-11T04:35:01.762Z  INFO 1 --- [messaging-api] [           main] o.apache.catalina.core.StandardService   : Starting service [Tomcat]
[API] 2026-04-11T04:35:01.762Z  INFO 1 --- [messaging-api] [           main] o.apache.catalina.core.StandardEngine    : Starting Servlet engine: [Apache Tomcat/10.1.53]
[API] 2026-04-11T04:35:01.791Z  INFO 1 --- [messaging-api] [           main] o.a.c.c.C.[Tomcat].[localhost].[/]       : Initializing Spring embedded WebApplicationContext
[API] 2026-04-11T04:35:01.792Z  INFO 1 --- [messaging-api] [           main] w.s.c.ServletWebServerApplicationContext : Root WebApplicationContext: initialization completed in 1821 ms
[API] 2026-04-11T04:35:02.199Z  INFO 1 --- [messaging-api] [           main] com.zaxxer.hikari.HikariDataSource       : HikariPool-1 - Starting...
[API] 2026-04-11T04:35:02.424Z  INFO 1 --- [messaging-api] [           main] com.zaxxer.hikari.pool.HikariPool        : HikariPool-1 - Added connection org.postgresql.jdbc.PgConnection@6d420cdd
[API] 2026-04-11T04:35:02.426Z  INFO 1 --- [messaging-api] [           main] com.zaxxer.hikari.HikariDataSource       : HikariPool-1 - Start completed.
[API] 2026-04-11T04:35:02.462Z  INFO 1 --- [messaging-api] [           main] org.flywaydb.core.FlywayExecutor         : Database: jdbc:postgresql://postgres:5432/app (PostgreSQL 16.13)
[API] 2026-04-11T04:35:02.507Z  INFO 1 --- [messaging-api] [           main] o.f.c.i.s.JdbcTableSchemaHistory         : Schema history table "public"."flyway_schema_history" does not exist yet
[API] 2026-04-11T04:35:02.511Z  INFO 1 --- [messaging-api] [           main] o.f.core.internal.command.DbValidate     : Successfully validated 1 migration (execution time 00:00.021s)
[API] 2026-04-11T04:35:02.532Z  INFO 1 --- [messaging-api] [           main] o.f.c.i.s.JdbcTableSchemaHistory         : Creating Schema History table "public"."flyway_schema_history" ...
[API] 2026-04-11T04:35:02.603Z  INFO 1 --- [messaging-api] [           main] o.f.core.internal.command.DbMigrate      : Current version of schema "public": << Empty Schema >>
[API] 2026-04-11T04:35:02.612Z  INFO 1 --- [messaging-api] [           main] o.f.core.internal.command.DbMigrate      : Migrating schema "public" to version "1 - create messages"
[API] 2026-04-11T04:35:02.651Z  INFO 1 --- [messaging-api] [           main] o.f.core.internal.command.DbMigrate      : Successfully applied 1 migration to schema "public", now at version v1 (execution time 00:00.015s)
[API] 2026-04-11T04:35:02.751Z  INFO 1 --- [messaging-api] [           main] o.hibernate.jpa.internal.util.LogHelper  : HHH000204: Processing PersistenceUnitInfo [name: default]
[API] 2026-04-11T04:35:02.810Z  INFO 1 --- [messaging-api] [           main] org.hibernate.Version                    : HHH000412: Hibernate ORM core version 6.6.45.Final
[API] 2026-04-11T04:35:02.852Z  INFO 1 --- [messaging-api] [           main] o.h.c.internal.RegionFactoryInitiator    : HHH000026: Second-level cache disabled
[API] 2026-04-11T04:35:03.176Z  INFO 1 --- [messaging-api] [           main] o.s.o.j.p.SpringPersistenceUnitInfo      : No LoadTimeWeaver setup: ignoring JPA class transformer
[API] 2026-04-11T04:35:03.266Z  INFO 1 --- [messaging-api] [           main] org.hibernate.orm.connections.pooling    : HHH10001005: Database info:
[API] 	Database JDBC URL [Connecting through datasource 'HikariDataSource (HikariPool-1)']
[API] 	Database driver: undefined/unknown
[API] 	Database version: 16.13
[API] 	Autocommit mode: undefined/unknown
[API] 	Isolation level: undefined/unknown
[API] 	Minimum pool size: undefined/unknown
[API] 	Maximum pool size: undefined/unknown
[API] 2026-04-11T04:35:03.939Z  INFO 1 --- [messaging-api] [           main] o.h.e.t.j.p.i.JtaPlatformInitiator       : HHH000489: No JTA platform available (set 'hibernate.transaction.jta.platform' to enable JTA platform integration)
[API] 2026-04-11T04:35:03.972Z  INFO 1 --- [messaging-api] [           main] j.LocalContainerEntityManagerFactoryBean : Initialized JPA EntityManagerFactory for persistence unit 'default'
[API] 2026-04-11T04:35:04.550Z  WARN 1 --- [messaging-api] [           main] JpaBaseConfiguration$JpaWebConfiguration : spring.jpa.open-in-view is enabled by default. Therefore, database queries may be performed during view rendering. Explicitly configure spring.jpa.open-in-view to disable this warning
[API] 2026-04-11T04:35:04.905Z  INFO 1 --- [messaging-api] [           main] o.s.b.a.e.web.EndpointLinksResolver      : Exposing 3 endpoints beneath base path '/actuator'
[API] 2026-04-11T04:35:05.019Z  INFO 1 --- [messaging-api] [           main] o.s.b.w.embedded.tomcat.TomcatWebServer  : Tomcat started on port 8080 (http) with context path '/'
[API] 2026-04-11T04:35:05.025Z  INFO 1 --- [messaging-api] [           main] o.s.a.r.c.CachingConnectionFactory       : Attempting to connect to: [rabbitmq:5672]
[RABBITMQ] 2026-04-11 04:35:05.036382+00:00 [info] <0.845.0> accepting AMQP connection <0.845.0> (172.18.0.4:44010 -> 172.18.0.2:5672)
[RABBITMQ] 2026-04-11 04:35:05.071263+00:00 [info] <0.845.0> connection <0.845.0> (172.18.0.4:44010 -> 172.18.0.2:5672) has a client-provided name: rabbitConnectionFactory#65a01901:0
[RABBITMQ] 2026-04-11 04:35:05.074622+00:00 [info] <0.845.0> connection <0.845.0> (172.18.0.4:44010 -> 172.18.0.2:5672 - rabbitConnectionFactory#65a01901:0): user 'app' authenticated and granted access to vhost '/'
[API] 2026-04-11T04:35:05.078Z  INFO 1 --- [messaging-api] [           main] o.s.a.r.c.CachingConnectionFactory       : Created new connection: rabbitConnectionFactory#65a01901:0/SimpleConnection@66fd9613 [delegate=amqp://app@172.18.0.2:5672/, localPort=44010]
[API] 2026-04-11T04:35:05.158Z  INFO 1 --- [messaging-api] [           main] com.example.messaging.Application        : Started Application in 5.775 seconds (process running for 6.378)
[API] 2026-04-11T04:35:05.850Z  INFO 1 --- [messaging-api] [nio-8080-exec-2] o.a.c.c.C.[Tomcat].[localhost].[/]       : Initializing Spring DispatcherServlet 'dispatcherServlet'
[API] 2026-04-11T04:35:05.850Z  INFO 1 --- [messaging-api] [nio-8080-exec-2] o.s.web.servlet.DispatcherServlet        : Initializing Servlet 'dispatcherServlet'
[API] 2026-04-11T04:35:05.852Z  INFO 1 --- [messaging-api] [nio-8080-exec-2] o.s.web.servlet.DispatcherServlet        : Completed initialization in 2 ms
04:35:05.926 [main] INFO tc.eclipse-temurin:17-jre -- Container eclipse-temurin:17-jre started in PT9.569148441S
[RABBITMQ] 2026-04-11 04:35:07.804431+00:00 [info] <0.878.0> accepting AMQP connection <0.878.0> (172.18.0.1:57916 -> 172.18.0.2:5672)
[RABBITMQ] 2026-04-11 04:35:07.846211+00:00 [info] <0.878.0> connection <0.878.0> (172.18.0.1:57916 -> 172.18.0.2:5672) has a client-provided name: it-it-de996879-3227-4817-87f2-4c3c29ba4d9a
[RABBITMQ] 2026-04-11 04:35:07.850185+00:00 [info] <0.878.0> connection <0.878.0> (172.18.0.1:57916 -> 172.18.0.2:5672 - it-it-de996879-3227-4817-87f2-4c3c29ba4d9a): user 'app' authenticated and granted access to vhost '/'
[RABBITMQ] 2026-04-11 04:35:07.865848+00:00 [info] <0.878.0> closing AMQP connection <0.878.0> (172.18.0.1:57916 -> 172.18.0.2:5672 - it-it-de996879-3227-4817-87f2-4c3c29ba4d9a, vhost: '/', user: 'app')
[RABBITMQ] 2026-04-11 04:35:07.969834+00:00 [info] <0.897.0> accepting AMQP connection <0.897.0> (172.18.0.1:57922 -> 172.18.0.2:5672)
[RABBITMQ] 2026-04-11 04:35:07.972848+00:00 [info] <0.897.0> connection <0.897.0> (172.18.0.1:57922 -> 172.18.0.2:5672) has a client-provided name: it-it-de996879-3227-4817-87f2-4c3c29ba4d9a
[RABBITMQ] 2026-04-11 04:35:07.974128+00:00 [info] <0.897.0> connection <0.897.0> (172.18.0.1:57922 -> 172.18.0.2:5672 - it-it-de996879-3227-4817-87f2-4c3c29ba4d9a): user 'app' authenticated and granted access to vhost '/'
[RABBITMQ] 2026-04-11 04:35:07.978361+00:00 [info] <0.897.0> closing AMQP connection <0.897.0> (172.18.0.1:57922 -> 172.18.0.2:5672 - it-it-de996879-3227-4817-87f2-4c3c29ba4d9a, vhost: '/', user: 'app')
[RABBITMQ] 2026-04-11 04:35:07.980675+00:00 [info] <0.914.0> accepting AMQP connection <0.914.0> (172.18.0.1:57926 -> 172.18.0.2:5672)
[RABBITMQ] 2026-04-11 04:35:07.982291+00:00 [info] <0.914.0> connection <0.914.0> (172.18.0.1:57926 -> 172.18.0.2:5672) has a client-provided name: it-it-de996879-3227-4817-87f2-4c3c29ba4d9a
[RABBITMQ] 2026-04-11 04:35:07.984592+00:00 [info] <0.914.0> connection <0.914.0> (172.18.0.1:57926 -> 172.18.0.2:5672 - it-it-de996879-3227-4817-87f2-4c3c29ba4d9a): user 'app' authenticated and granted access to vhost '/'
[RABBITMQ] 2026-04-11 04:35:07.988631+00:00 [info] <0.914.0> closing AMQP connection <0.914.0> (172.18.0.1:57926 -> 172.18.0.2:5672 - it-it-de996879-3227-4817-87f2-4c3c29ba4d9a, vhost: '/', user: 'app')
[RABBITMQ] 2026-04-11 04:35:09.013696+00:00 [info] <0.931.0> accepting AMQP connection <0.931.0> (172.18.0.1:57928 -> 172.18.0.2:5672)
[RABBITMQ] 2026-04-11 04:35:09.015774+00:00 [info] <0.931.0> connection <0.931.0> (172.18.0.1:57928 -> 172.18.0.2:5672) has a client-provided name: it-it-de996879-3227-4817-87f2-4c3c29ba4d9a
[RABBITMQ] 2026-04-11 04:35:09.017643+00:00 [info] <0.931.0> connection <0.931.0> (172.18.0.1:57928 -> 172.18.0.2:5672 - it-it-de996879-3227-4817-87f2-4c3c29ba4d9a): user 'app' authenticated and granted access to vhost '/'
[RABBITMQ] 2026-04-11 04:35:09.020824+00:00 [info] <0.931.0> closing AMQP connection <0.931.0> (172.18.0.1:57928 -> 172.18.0.2:5672 - it-it-de996879-3227-4817-87f2-4c3c29ba4d9a, vhost: '/', user: 'app')
]]></system-out>
  </testcase>
  <testcase name="erroDeNegocio_mensagemInvalida_rejeitada_eVaiParaDlq" classname="com.example.messaging.AsyncMessagingIT" time="0.624">
    <system-out><![CDATA[[RABBITMQ] 2026-04-11 04:35:09.255210+00:00 [info] <0.948.0> accepting AMQP connection <0.948.0> (172.18.0.1:57944 -> 172.18.0.2:5672)
[RABBITMQ] 2026-04-11 04:35:09.256638+00:00 [info] <0.948.0> connection <0.948.0> (172.18.0.1:57944 -> 172.18.0.2:5672) has a client-provided name: it-it-de996879-3227-4817-87f2-4c3c29ba4d9a
[RABBITMQ] 2026-04-11 04:35:09.257658+00:00 [info] <0.948.0> connection <0.948.0> (172.18.0.1:57944 -> 172.18.0.2:5672 - it-it-de996879-3227-4817-87f2-4c3c29ba4d9a): user 'app' authenticated and granted access to vhost '/'
[RABBITMQ] 2026-04-11 04:35:09.262622+00:00 [info] <0.948.0> closing AMQP connection <0.948.0> (172.18.0.1:57944 -> 172.18.0.2:5672 - it-it-de996879-3227-4817-87f2-4c3c29ba4d9a, vhost: '/', user: 'app')
[RABBITMQ] 2026-04-11 04:35:09.364633+00:00 [info] <0.967.0> accepting AMQP connection <0.967.0> (172.18.0.1:57950 -> 172.18.0.2:5672)
[RABBITMQ] 2026-04-11 04:35:09.366360+00:00 [info] <0.967.0> connection <0.967.0> (172.18.0.1:57950 -> 172.18.0.2:5672) has a client-provided name: it-it-de996879-3227-4817-87f2-4c3c29ba4d9a
[RABBITMQ] 2026-04-11 04:35:09.367311+00:00 [info] <0.967.0> connection <0.967.0> (172.18.0.1:57950 -> 172.18.0.2:5672 - it-it-de996879-3227-4817-87f2-4c3c29ba4d9a): user 'app' authenticated and granted access to vhost '/'
[RABBITMQ] 2026-04-11 04:35:09.370584+00:00 [info] <0.967.0> closing AMQP connection <0.967.0> (172.18.0.1:57950 -> 172.18.0.2:5672 - it-it-de996879-3227-4817-87f2-4c3c29ba4d9a, vhost: '/', user: 'app')
[RABBITMQ] 2026-04-11 04:35:09.372120+00:00 [info] <0.984.0> accepting AMQP connection <0.984.0> (172.18.0.1:57952 -> 172.18.0.2:5672)
[RABBITMQ] 2026-04-11 04:35:09.373324+00:00 [info] <0.984.0> connection <0.984.0> (172.18.0.1:57952 -> 172.18.0.2:5672) has a client-provided name: it-it-de996879-3227-4817-87f2-4c3c29ba4d9a
[RABBITMQ] 2026-04-11 04:35:09.375151+00:00 [info] <0.984.0> connection <0.984.0> (172.18.0.1:57952 -> 172.18.0.2:5672 - it-it-de996879-3227-4817-87f2-4c3c29ba4d9a): user 'app' authenticated and granted access to vhost '/'
[RABBITMQ] 2026-04-11 04:35:09.378157+00:00 [info] <0.984.0> closing AMQP connection <0.984.0> (172.18.0.1:57952 -> 172.18.0.2:5672 - it-it-de996879-3227-4817-87f2-4c3c29ba4d9a, vhost: '/', user: 'app')
[API] 2026-04-11T04:35:09.410Z  WARN 1 --- [messaging-api] [ntContainer#0-1] s.a.r.l.ConditionalRejectingErrorHandler : Execution of Rabbit message listener failed.
[API] org.springframework.amqp.rabbit.support.ListenerExecutionFailedException: Listener method 'public void com.example.messaging.messaging.MessageConsumer.consume(org.springframework.amqp.core.Message)' threw exception
[API] 	at org.springframework.amqp.rabbit.listener.adapter.MessagingMessageListenerAdapter.invokeHandler(MessagingMessageListenerAdapter.java:286) ~[spring-rabbit-3.2.9.jar!/:3.2.9]
[API] 	at org.springframework.amqp.rabbit.listener.adapter.MessagingMessageListenerAdapter.invokeHandlerAndProcessResult(MessagingMessageListenerAdapter.java:224) ~[spring-rabbit-3.2.9.jar!/:3.2.9]
[API] 	at org.springframework.amqp.rabbit.listener.adapter.MessagingMessageListenerAdapter.onMessage(MessagingMessageListenerAdapter.java:148) ~[spring-rabbit-3.2.9.jar!/:3.2.9]
[API] 	at org.springframework.amqp.rabbit.listener.AbstractMessageListenerContainer.doInvokeListener(AbstractMessageListenerContainer.java:1694) ~[spring-rabbit-3.2.9.jar!/:3.2.9]
[API] 	at org.springframework.amqp.rabbit.listener.AbstractMessageListenerContainer.actualInvokeListener(AbstractMessageListenerContainer.java:1616) ~[spring-rabbit-3.2.9.jar!/:3.2.9]
[API] 	at org.springframework.amqp.rabbit.listener.AbstractMessageListenerContainer.invokeListener(AbstractMessageListenerContainer.java:1604) ~[spring-rabbit-3.2.9.jar!/:3.2.9]
[API] 	at org.springframework.amqp.rabbit.listener.AbstractMessageListenerContainer.doExecuteListener(AbstractMessageListenerContainer.java:1595) ~[spring-rabbit-3.2.9.jar!/:3.2.9]
[API] 	at org.springframework.amqp.rabbit.listener.AbstractMessageListenerContainer.executeListenerAndHandleException(AbstractMessageListenerContainer.java:1540) ~[spring-rabbit-3.2.9.jar!/:3.2.9]
[API] 	at org.springframework.amqp.rabbit.listener.AbstractMessageListenerContainer.executeListener(AbstractMessageListenerContainer.java:1521) ~[spring-rabbit-3.2.9.jar!/:3.2.9]
[API] 	at org.springframework.amqp.rabbit.listener.SimpleMessageListenerContainer.doReceiveAndExecute(SimpleMessageListenerContainer.java:1091) ~[spring-rabbit-3.2.9.jar!/:3.2.9]
[API] 	at org.springframework.amqp.rabbit.listener.SimpleMessageListenerContainer.receiveAndExecute(SimpleMessageListenerContainer.java:1027) ~[spring-rabbit-3.2.9.jar!/:3.2.9]
[API] 	at org.springframework.amqp.rabbit.listener.SimpleMessageListenerContainer$AsyncMessageProcessingConsumer.mainLoop(SimpleMessageListenerContainer.java:1431) ~[spring-rabbit-3.2.9.jar!/:3.2.9]
[API] 	at org.springframework.amqp.rabbit.listener.SimpleMessageListenerContainer$AsyncMessageProcessingConsumer.run(SimpleMessageListenerContainer.java:1331) ~[spring-rabbit-3.2.9.jar!/:3.2.9]
[API] 	at java.base/java.lang.Thread.run(Unknown Source) ~[na:na]
[API] Caused by: org.springframework.amqp.AmqpRejectAndDontRequeueException: Missing required field: type
[API] 	at com.example.messaging.messaging.MessageConsumer.ensureBusinessValid(MessageConsumer.java:53) ~[!/:0.0.1-SNAPSHOT]
[API] 	at com.example.messaging.messaging.MessageConsumer.consume(MessageConsumer.java:39) ~[!/:0.0.1-SNAPSHOT]
[API] 	at java.base/jdk.internal.reflect.NativeMethodAccessorImpl.invoke0(Native Method) ~[na:na]
[API] 	at java.base/jdk.internal.reflect.NativeMethodAccessorImpl.invoke(Unknown Source) ~[na:na]
[API] 	at java.base/jdk.internal.reflect.DelegatingMethodAccessorImpl.invoke(Unknown Source) ~[na:na]
[API] 	at java.base/java.lang.reflect.Method.invoke(Unknown Source) ~[na:na]
[API] 	at org.springframework.aop.support.AopUtils.invokeJoinpointUsingReflection(AopUtils.java:360) ~[spring-aop-6.2.17.jar!/:6.2.17]
[API] 	at org.springframework.aop.framework.ReflectiveMethodInvocation.invokeJoinpoint(ReflectiveMethodInvocation.java:196) ~[spring-aop-6.2.17.jar!/:6.2.17]
[API] 	at org.springframework.aop.framework.ReflectiveMethodInvocation.proceed(ReflectiveMethodInvocation.java:163) ~[spring-aop-6.2.17.jar!/:6.2.17]
[API] 	at org.springframework.transaction.interceptor.TransactionAspectSupport.invokeWithinTransaction(TransactionAspectSupport.java:380) ~[spring-tx-6.2.17.jar!/:6.2.17]
[API] 	at org.springframework.transaction.interceptor.TransactionInterceptor.invoke(TransactionInterceptor.java:119) ~[spring-tx-6.2.17.jar!/:6.2.17]
[API] 	at org.springframework.aop.framework.ReflectiveMethodInvocation.proceed(ReflectiveMethodInvocation.java:184) ~[spring-aop-6.2.17.jar!/:6.2.17]
[API] 	at org.springframework.aop.framework.CglibAopProxy$DynamicAdvisedInterceptor.intercept(CglibAopProxy.java:728) ~[spring-aop-6.2.17.jar!/:6.2.17]
[API] 	at com.example.messaging.messaging.MessageConsumer$$SpringCGLIB$$0.consume(<generated>) ~[!/:0.0.1-SNAPSHOT]
[API] 	at java.base/jdk.internal.reflect.NativeMethodAccessorImpl.invoke0(Native Method) ~[na:na]
[API] 	at java.base/jdk.internal.reflect.NativeMethodAccessorImpl.invoke(Unknown Source) ~[na:na]
[API] 	at java.base/jdk.internal.reflect.DelegatingMethodAccessorImpl.invoke(Unknown Source) ~[na:na]
[API] 	at java.base/java.lang.reflect.Method.invoke(Unknown Source) ~[na:na]
[API] 	at org.springframework.messaging.handler.invocation.InvocableHandlerMethod.doInvoke(InvocableHandlerMethod.java:169) ~[spring-messaging-6.2.17.jar!/:6.2.17]
[API] 	at org.springframework.amqp.rabbit.listener.adapter.KotlinAwareInvocableHandlerMethod.doInvoke(KotlinAwareInvocableHandlerMethod.java:45) ~[spring-rabbit-3.2.9.jar!/:3.2.9]
[API] 	at org.springframework.messaging.handler.invocation.InvocableHandlerMethod.invoke(InvocableHandlerMethod.java:119) ~[spring-messaging-6.2.17.jar!/:6.2.17]
[API] 	at org.springframework.amqp.rabbit.listener.adapter.HandlerAdapter.invoke(HandlerAdapter.java:80) ~[spring-rabbit-3.2.9.jar!/:3.2.9]
[API] 	at org.springframework.amqp.rabbit.listener.adapter.MessagingMessageListenerAdapter.invokeHandler(MessagingMessageListenerAdapter.java:277) ~[spring-rabbit-3.2.9.jar!/:3.2.9]
[API] 	... 13 common frames omitted
[RABBITMQ] 2026-04-11 04:35:09.508136+00:00 [info] <0.1001.0> accepting AMQP connection <0.1001.0> (172.18.0.1:57958 -> 172.18.0.2:5672)
[RABBITMQ] 2026-04-11 04:35:09.509571+00:00 [info] <0.1001.0> connection <0.1001.0> (172.18.0.1:57958 -> 172.18.0.2:5672) has a client-provided name: it-it-de996879-3227-4817-87f2-4c3c29ba4d9a
[RABBITMQ] 2026-04-11 04:35:09.510577+00:00 [info] <0.1001.0> connection <0.1001.0> (172.18.0.1:57958 -> 172.18.0.2:5672 - it-it-de996879-3227-4817-87f2-4c3c29ba4d9a): user 'app' authenticated and granted access to vhost '/'
[RABBITMQ] 2026-04-11 04:35:09.513498+00:00 [info] <0.1001.0> closing AMQP connection <0.1001.0> (172.18.0.1:57958 -> 172.18.0.2:5672 - it-it-de996879-3227-4817-87f2-4c3c29ba4d9a, vhost: '/', user: 'app')
]]></system-out>
  </testcase>
  <testcase name="idempotencia_mesmoMessageId_duasVezes_persisteApenasUma" classname="com.example.messaging.AsyncMessagingIT" time="0.51">
    <system-out><![CDATA[[RABBITMQ] 2026-04-11 04:35:09.876749+00:00 [info] <0.1018.0> accepting AMQP connection <0.1018.0> (172.18.0.1:57972 -> 172.18.0.2:5672)
[RABBITMQ] 2026-04-11 04:35:09.878376+00:00 [info] <0.1018.0> connection <0.1018.0> (172.18.0.1:57972 -> 172.18.0.2:5672) has a client-provided name: it-it-de996879-3227-4817-87f2-4c3c29ba4d9a
[RABBITMQ] 2026-04-11 04:35:09.879244+00:00 [info] <0.1018.0> connection <0.1018.0> (172.18.0.1:57972 -> 172.18.0.2:5672 - it-it-de996879-3227-4817-87f2-4c3c29ba4d9a): user 'app' authenticated and granted access to vhost '/'
[RABBITMQ] 2026-04-11 04:35:09.883769+00:00 [info] <0.1018.0> closing AMQP connection <0.1018.0> (172.18.0.1:57972 -> 172.18.0.2:5672 - it-it-de996879-3227-4817-87f2-4c3c29ba4d9a, vhost: '/', user: 'app')
[RABBITMQ] 2026-04-11 04:35:09.985683+00:00 [info] <0.1037.0> accepting AMQP connection <0.1037.0> (172.18.0.1:57974 -> 172.18.0.2:5672)
[RABBITMQ] 2026-04-11 04:35:09.987160+00:00 [info] <0.1037.0> connection <0.1037.0> (172.18.0.1:57974 -> 172.18.0.2:5672) has a client-provided name: it-it-de996879-3227-4817-87f2-4c3c29ba4d9a
[RABBITMQ] 2026-04-11 04:35:09.988139+00:00 [info] <0.1037.0> connection <0.1037.0> (172.18.0.1:57974 -> 172.18.0.2:5672 - it-it-de996879-3227-4817-87f2-4c3c29ba4d9a): user 'app' authenticated and granted access to vhost '/'
[RABBITMQ] 2026-04-11 04:35:09.990716+00:00 [info] <0.1037.0> closing AMQP connection <0.1037.0> (172.18.0.1:57974 -> 172.18.0.2:5672 - it-it-de996879-3227-4817-87f2-4c3c29ba4d9a, vhost: '/', user: 'app')
[RABBITMQ] 2026-04-11 04:35:09.991980+00:00 [info] <0.1054.0> accepting AMQP connection <0.1054.0> (172.18.0.1:57990 -> 172.18.0.2:5672)
[RABBITMQ] 2026-04-11 04:35:09.993170+00:00 [info] <0.1054.0> connection <0.1054.0> (172.18.0.1:57990 -> 172.18.0.2:5672) has a client-provided name: it-it-de996879-3227-4817-87f2-4c3c29ba4d9a
[RABBITMQ] 2026-04-11 04:35:09.994042+00:00 [info] <0.1054.0> connection <0.1054.0> (172.18.0.1:57990 -> 172.18.0.2:5672 - it-it-de996879-3227-4817-87f2-4c3c29ba4d9a): user 'app' authenticated and granted access to vhost '/'
[RABBITMQ] 2026-04-11 04:35:09.997259+00:00 [info] <0.1054.0> closing AMQP connection <0.1054.0> (172.18.0.1:57990 -> 172.18.0.2:5672 - it-it-de996879-3227-4817-87f2-4c3c29ba4d9a, vhost: '/', user: 'app')
]]></system-out>
  </testcase>
</testsuite>